<?xml version="1.0" encoding="UTF-8"?>
<!-- Generated by org.testng.reporters.JUnitXMLReporter -->
<testsuite ignored="0" hostname="LAPTOP-GSAAFOHU" failures="0" tests="5" name="Default test" time="2.681" errors="0" timestamp="22 Sep 2024 16:11:12 GMT">
  <testcase classname="apiProject.EndToEndTest" name="TC01_GetAllEmployee" time="1.611"/>
  <testcase classname="apiProject.EndToEndTest" name="TC02_GetSingleEmployee" time="0.621"/>
  <testcase classname="apiProject.EndToEndTest" name="TC03_CreateEmployee" time="0.36"/>
  <testcase classname="apiProject.EndToEndTest" name="TC04_DeleteEmployee" time="0.037"/>
  <testcase classname="apiProject.EndToEndTest" name="TC05_TestDeletedEmployee" time="0.025"/>
</testsuite> <!-- Default test -->
