<?xml version="1.0" encoding="UTF-8"?>
<!-- Generated by org.testng.reporters.JUnitXMLReporter -->
<testsuite ignored="2" hostname="LAPTOP-GSAAFOHU" failures="0" tests="1" name="Default test" time="2.315" errors="0" timestamp="26 Sep 2024 07:01:31 GMT">
  <testcase classname="apiProject.ReqResTest" name="postEmployee" time="2.3"/>
  <testcase classname="apiProject.ReqResTest" name="getAllEmployee" time="0.0">
    <ignored/>
  </testcase> <!-- getAllEmployee -->
  <testcase classname="apiProject.ReqResTest" name="getSingleEmployee" time="0.0">
    <ignored/>
  </testcase> <!-- getSingleEmployee -->
</testsuite> <!-- Default test -->
