<?xml version="1.0" encoding="UTF-8"?>
<testng-results ignored="2" total="3" passed="1" failed="0" skipped="0">
  <reporter-output>
  </reporter-output>
  <suite started-at="2024-09-26T07:01:29Z" name="Default suite" finished-at="2024-09-26T07:01:31Z" duration-ms="2315">
    <groups>
    </groups>
    <test started-at="2024-09-26T07:01:29Z" name="Default test" finished-at="2024-09-26T07:01:31Z" duration-ms="2315">
      <class name="apiProject.ReqResTest">
        <test-method signature="postEmployee()[pri:0, instance:apiProject.ReqResTest@3697186]" started-at="2024-09-26T07:01:29Z" name="postEmployee" finished-at="2024-09-26T07:01:31Z" duration-ms="2300" status="PASS">
          <reporter-output>
          </reporter-output>
        </test-method> <!-- postEmployee -->
      </class> <!-- apiProject.ReqResTest -->
    </test> <!-- Default test -->
  </suite> <!-- Default suite -->
</testng-results>
